nohup: ignoring input
Starting project at /workspace
Metro is running in CI mode, reloads are disabled. Remove CI=true to enable watch mode.
Starting Metro Bundler
warning: Bundler cache is empty, rebuilding (this may take a minute)
Tunnel connected.
Tunnel ready.
The following packages should be updated for best compatibility with the installed expo version:
  expo@53.0.20 - expected version: 53.0.22
  expo-router@5.1.4 - expected version: ~5.1.5
  expo-system-ui@5.0.10 - expected version: ~5.0.11
Your project may not work correctly until you install the expected versions of the packages.
Waiting on http://localhost:8081
Logs for your project will appear below.
Web node_modules/expo-router/entry.js ░░░░░░░░░░░░░░░░  0.0% (0/1)
Web node_modules/expo-router/entry.js ▓▓▓▓▓▓░░░░░░░░░░ 43.6% (206/344)
λ node_modules/expo-router/node/render.js ▓▓▓▓▓▓▓▓▓░░░░░░░ 57.0% ( 441/2197)
Web node_modules/expo-router/entry.js ▓▓▓▓▓▓▓▓▓░░░░░░░ 58.0% (412/541)
λ node_modules/expo-router/node/render.js ▓▓▓▓▓▓▓▓▓▓▓▓▓░░░ 86.6% (2167/2328)
Web node_modules/expo-router/entry.js ▓▓▓▓▓▓▓▓▓░░░░░░░ 61.0% (1804/2310)
λ node_modules/expo-router/node/render.js ▓▓▓▓▓▓▓▓▓▓▓▓▓▓░░ 92.2% (2364/2483)
λ Bundled 13566ms node_modules/expo-router/node/render.js (2615 modules)
λ  WARN  "shadow*" style props are deprecated. Use "boxShadow". 
λ  LOG  ⚠️ Using hardcoded fallback database URL for Expo environment
λ  WARN  [expo-notifications] Listening to push token changes is not yet fully supported on web. Adding a listener will have no effect. 
Web node_modules/expo-router/entry.js ▓▓▓▓▓▓▓▓▓▓▓▓▓▓▓░ 98.9% (2732/2747)
λ  LOG  🔌 Initializing database connection...
λ  LOG  ✅ Database connection initialized successfully
λ  LOG  🔥🔥🔥 INDEX SCREEN LOADED - Main entry point
Web node_modules/expo-router/entry.js ▓▓▓▓▓▓▓▓▓▓▓▓▓▓▓░ 98.9% (2732/2747)
Web Bundled 15338ms node_modules/expo-router/entry.js (2753 modules)
λ Bundled 35ms node_modules/expo-router/node/render.js (1 module)
λ  WARN  "shadow*" style props are deprecated. Use "boxShadow". 
λ  LOG  ⚠️ Using hardcoded fallback database URL for Expo environment
λ  WARN  [expo-notifications] Listening to push token changes is not yet fully supported on web. Adding a listener will have no effect. 
λ  LOG  🔌 Initializing database connection...
λ  LOG  ✅ Database connection initialized successfully
λ  LOG  🔥🔥🔥 INDEX SCREEN LOADED - Main entry point
Web node_modules/expo-router/entry.js ░░░░░░░░░░░░░░░░  0.0% (0/1)
Web Bundled 341ms node_modules/expo-router/entry.js (1 module)
Web node_modules/expo-router/entry.js ░░░░░░░░░░░░░░░░  0.0% (0/1)
λ  WARN  "shadow*" style props are deprecated. Use "boxShadow". 
λ  WARN  [expo-notifications] Listening to push token changes is not yet fully supported on web. Adding a listener will have no effect. 
λ Bundled 65ms node_modules/expo-router/node/render.js (1 module)
λ  LOG  ⚠️ Using hardcoded fallback database URL for Expo environment
λ  LOG  🔌 Initializing database connection...
λ  LOG  ✅ Database connection initialized successfully
λ  LOG  🔥🔥🔥 INDEX SCREEN LOADED - Main entry point
Web node_modules/expo-router/entry.js ░░░░░░░░░░░░░░░░  0.0% (0/1)
Web Bundled 312ms node_modules/expo-router/entry.js (1 module)
